<?xml version="1.0" encoding="UTF-8"?>
<testsuites name="Test1" time="4.063" tests="1" failures="0" skips="0" errors="0">
   <testsuite name="Test1" tests="1" failures="0" errors="0" time="4.063" skips="0" timestamp="2021-05-11 10:35:37" hostname="mitan - INSIFELPTIN015" id="Test Suites/Test1">
      <properties>
         <property name="deviceName" value=""/>
         <property name="devicePlatform" value=""/>
         <property name="logFolder" value="C:\\Users\\mitan\\git\\Katalon\\Reports\\20210511_103534\\Test1\\20210511_103535"/>
         <property name="logFiles" value="C:\\Users\\mitan\\git\\Katalon\\Reports\\20210511_103534\\Test1\\20210511_103535\\execution0.log"/>
         <property name="attachments" value=""/>
         <property name="hostName" value="mitan - INSIFELPTIN015"/>
         <property name="os" value="Windows 10 64bit"/>
         <property name="katalonVersion" value="7.9.1.208"/>
         <property name="browser" value="Chrome 90.0.4430.93"/>
         <property name="hostAddress" value="192.168.0.100"/>
         <property name="sessionId" value="b2b2bddfd6f9f3241aa8770a7be9d374"/>
         <property name="seleniumVersion" value="3.141.59"/>
         <property name="proxyInformation" value="ProxyInformation { proxyOption=NO_PROXY, proxyServerType=HTTP, username=, password=********, proxyServerAddress=, proxyServerPort=0, executionList=&quot;&quot;, isApplyToDesiredCapabilities=true }"/>
         <property name="platform" value="Windows 10"/>
      </properties>
      <testcase name="Test Cases/SAMPLE" time="3.041" classname="Test Cases/SAMPLE" status="PASSED">
         <system-out><![CDATA[2021-05-11 10:35:38 - [TEST_CASE][PASSED] - Test Cases/SAMPLE: Test Cases/SAMPLE

2021-05-11 10:35:39 - [TEST_STEP][PASSED] - openBrowser(""): Browser is opened with url: ''

2021-05-11 10:35:39 - [MESSAGE][INFO] - Starting 'Chrome' driver

2021-05-11 10:35:39 - [MESSAGE][INFO] - Action delay is set to 0 milliseconds

2021-05-11 10:35:40 - [MESSAGE][PASSED] - Browser is opened with url: ''

2021-05-11 10:35:40 - [TEST_STEP][PASSED] - maximizeWindow(): Current window maximized

2021-05-11 10:35:41 - [MESSAGE][PASSED] - Current window maximized

2021-05-11 10:35:41 - [TEST_STEP][PASSED] - waitForPageLoad(0): Wait for page load successfully

2021-05-11 10:35:41 - [MESSAGE][WARNING] - Timeout '0' is invalid. Using default page load timeout: '30'

2021-05-11 10:35:41 - [MESSAGE][PASSED] - Wait for page load successfully

2021-05-11 10:35:41 - [TEST_STEP][PASSED] - closeBrowser(): Browser is closed

2021-05-11 10:35:41 - [MESSAGE][PASSED] - Browser is closed]]></system-out>
         <system-err><![CDATA[]]></system-err>
      </testcase>
      <system-out><![CDATA[2021-05-11 10:35:37 - [TEST_SUITE][PASSED] - Test1: Test Cases/SAMPLE]]></system-out>
      <system-err><![CDATA[]]></system-err>
   </testsuite>
</testsuites>
