<?xml version="1.0" encoding="UTF-8"?>
<testsuites name="Test1" time="9.448" tests="1" failures="0" skips="0" errors="0">
   <testsuite name="Test1" tests="1" failures="0" errors="0" time="9.448" skips="0" timestamp="2021-05-11 11:23:59" hostname="mitan - INSIFELPTIN015" id="Test Suites/Test1">
      <properties>
         <property name="deviceName" value=""/>
         <property name="devicePlatform" value=""/>
         <property name="logFolder" value="C:\\Users\\mitan\\git\\Katalon\\Reports\\20210511_112357\\Test1\\20210511_112357"/>
         <property name="logFiles" value="C:\\Users\\mitan\\git\\Katalon\\Reports\\20210511_112357\\Test1\\20210511_112357\\execution0.log"/>
         <property name="attachments" value=""/>
         <property name="hostName" value="mitan - INSIFELPTIN015"/>
         <property name="os" value="Windows 10 64bit"/>
         <property name="katalonVersion" value="7.9.1.208"/>
         <property name="browser" value="Chrome 90.0.4430.93"/>
         <property name="hostAddress" value="192.168.0.100"/>
         <property name="sessionId" value="8551aab4e101eab3210fe7ddbe675c77"/>
         <property name="seleniumVersion" value="3.141.59"/>
         <property name="proxyInformation" value="ProxyInformation { proxyOption=NO_PROXY, proxyServerType=HTTP, username=, password=********, proxyServerAddress=, proxyServerPort=0, executionList=&quot;&quot;, isApplyToDesiredCapabilities=true }"/>
         <property name="platform" value="Windows 10"/>
      </properties>
      <testcase name="Test Cases/SAMPLE" time="5.467" classname="Test Cases/SAMPLE" status="PASSED">
         <system-out><![CDATA[2021-05-11 11:24:00 - [TEST_CASE][PASSED] - Test Cases/SAMPLE: Test Cases/SAMPLE

2021-05-11 11:24:00 - [TEST_STEP][PASSED] - openBrowser(""): Browser is opened with url: ''

2021-05-11 11:24:00 - [MESSAGE][INFO] - Starting 'Chrome' driver

2021-05-11 11:24:00 - [MESSAGE][INFO] - Action delay is set to 0 milliseconds

2021-05-11 11:24:02 - [MESSAGE][PASSED] - Browser is opened with url: ''

2021-05-11 11:24:02 - [TEST_STEP][PASSED] - maximizeWindow(): Current window maximized

2021-05-11 11:24:02 - [MESSAGE][PASSED] - Current window maximized

2021-05-11 11:24:02 - [TEST_STEP][PASSED] - waitForPageLoad(0): Wait for page load successfully

2021-05-11 11:24:02 - [MESSAGE][WARNING] - Timeout '0' is invalid. Using default page load timeout: '30'

2021-05-11 11:24:02 - [MESSAGE][PASSED] - Wait for page load successfully

2021-05-11 11:24:02 - [TEST_STEP][PASSED] - closeBrowser(): Browser is closed

2021-05-11 11:24:03 - [MESSAGE][PASSED] - Browser is closed

2021-05-11 11:24:03 - [TEST_STEP][PASSED] - openBrowser("https://www.google.com"): Browser is opened with url: 'https://www.google.com'

2021-05-11 11:24:03 - [MESSAGE][INFO] - Starting 'Chrome' driver

2021-05-11 11:24:03 - [MESSAGE][INFO] - Action delay is set to 0 milliseconds

2021-05-11 11:24:05 - [MESSAGE][PASSED] - Browser is opened with url: 'https://www.google.com'

2021-05-11 11:24:05 - [TEST_STEP][PASSED] - closeBrowser(): Browser is closed

2021-05-11 11:24:05 - [MESSAGE][PASSED] - Browser is closed]]></system-out>
         <system-err><![CDATA[]]></system-err>
      </testcase>
      <system-out><![CDATA[2021-05-11 11:23:59 - [TEST_SUITE][PASSED] - Test1: Test Cases/SAMPLE]]></system-out>
      <system-err><![CDATA[]]></system-err>
   </testsuite>
</testsuites>
